Using pre-set license
Built from '2021.1/staging' branch; Version is '2021.1.13f1 (a03098edbbe0) revision 10498200'; Using compiler version '192528614'; Build Type 'Release'
OS: 'Windows 10 Pro; OS build 17134.950; Version 1803; 64bit' Language: 'en' Physical Memory: 3995 MB
BatchMode: 1, IsHumanControllingUs: 0, StartBugReporterOnCrash: 0, Is64bit: 1, IsPro: 0

 COMMAND LINE ARGUMENTS:
E:\laptrinhgame\unity_essential\2021.1.13f1\Editor\Unity.exe
-adb2
-batchMode
-noUpm
-name
AssetImportWorker13
-projectPath
E:/LapTrinhGame/Castlebattle_test/Castle Raid
-logFile
Logs/AssetImportWorker13.log
-srvPort
59723
Successfully changed project path to: E:/LapTrinhGame/Castlebattle_test/Castle Raid
E:/LapTrinhGame/Castlebattle_test/Castle Raid
Using Asset Import Pipeline V2.
Refreshing native plugins compatible for Editor in 281.62 ms, found 3 plugins.
Preloading 0 native plugins for Editor in 0.00 ms.
Initialize engine version: 2021.1.13f1 (a03098edbbe0)
[Subsystems] Discovering subsystems at path E:/laptrinhgame/unity_essential/2021.1.13f1/Editor/Data/Resources/UnitySubsystems
[Subsystems] Discovering subsystems at path E:/LapTrinhGame/Castlebattle_test/Castle Raid/Assets
GfxDevice: creating device client; threaded=0; jobified=0
